<?xml version="1.0" encoding="UTF-8"?>
<testng-results skipped="0" failed="2" ignored="0" total="14" passed="12">
  <reporter-output>
  </reporter-output>
  <suite name="Default suite" duration-ms="797314" started-at="2021-09-27T14:32:01 IST" finished-at="2021-09-27T14:45:18 IST">
    <groups>
    </groups>
    <test name="Default test" duration-ms="797314" started-at="2021-09-27T14:32:01 IST" finished-at="2021-09-27T14:45:18 IST">
      <class name="com.urbanladder.runner.TestRunner">
        <test-method status="PASS" signature="openbrowser()[pri:0, instance:com.urbanladder.runner.TestRunner@78ffe6dc]" name="openbrowser" is-config="true" duration-ms="26082" started-at="2021-09-27T14:32:01 IST" finished-at="2021-09-27T14:32:27 IST">
          <reporter-output>
          </reporter-output>
        </test-method> <!-- openbrowser -->
        <test-method status="PASS" signature="count()[pri:0, instance:com.urbanladder.runner.TestRunner@78ffe6dc]" name="count" duration-ms="23108" started-at="2021-09-27T14:32:27 IST" finished-at="2021-09-27T14:32:50 IST">
          <reporter-output>
          </reporter-output>
        </test-method> <!-- count -->
        <test-method status="PASS" signature="closebrowser()[pri:0, instance:com.urbanladder.runner.TestRunner@78ffe6dc]" name="closebrowser" is-config="true" duration-ms="1244" started-at="2021-09-27T14:32:50 IST" finished-at="2021-09-27T14:32:51 IST">
          <reporter-output>
          </reporter-output>
        </test-method> <!-- closebrowser -->
        <test-method status="PASS" signature="openbrowser()[pri:0, instance:com.urbanladder.runner.TestRunner@78ffe6dc]" name="openbrowser" is-config="true" duration-ms="27458" started-at="2021-09-27T14:32:51 IST" finished-at="2021-09-27T14:33:19 IST">
          <reporter-output>
          </reporter-output>
        </test-method> <!-- openbrowser -->
        <test-method status="PASS" signature="EMIverification()[pri:1, instance:com.urbanladder.runner.TestRunner@78ffe6dc]" name="EMIverification" duration-ms="28062" started-at="2021-09-27T14:33:19 IST" finished-at="2021-09-27T14:33:47 IST">
          <reporter-output>
          </reporter-output>
        </test-method> <!-- EMIverification -->
        <test-method status="PASS" signature="closebrowser()[pri:0, instance:com.urbanladder.runner.TestRunner@78ffe6dc]" name="closebrowser" is-config="true" duration-ms="1412" started-at="2021-09-27T14:33:47 IST" finished-at="2021-09-27T14:33:48 IST">
          <reporter-output>
          </reporter-output>
        </test-method> <!-- closebrowser -->
        <test-method status="PASS" signature="openbrowser()[pri:0, instance:com.urbanladder.runner.TestRunner@78ffe6dc]" name="openbrowser" is-config="true" duration-ms="24436" started-at="2021-09-27T14:33:48 IST" finished-at="2021-09-27T14:34:13 IST">
          <reporter-output>
          </reporter-output>
        </test-method> <!-- openbrowser -->
        <test-method status="PASS" signature="addcart()[pri:2, instance:com.urbanladder.runner.TestRunner@78ffe6dc]" name="addcart" duration-ms="28990" started-at="2021-09-27T14:34:13 IST" finished-at="2021-09-27T14:34:42 IST">
          <reporter-output>
          </reporter-output>
        </test-method> <!-- addcart -->
        <test-method status="PASS" signature="closebrowser()[pri:0, instance:com.urbanladder.runner.TestRunner@78ffe6dc]" name="closebrowser" is-config="true" duration-ms="1072" started-at="2021-09-27T14:34:42 IST" finished-at="2021-09-27T14:34:43 IST">
          <reporter-output>
          </reporter-output>
        </test-method> <!-- closebrowser -->
        <test-method status="PASS" signature="openbrowser()[pri:0, instance:com.urbanladder.runner.TestRunner@78ffe6dc]" name="openbrowser" is-config="true" duration-ms="52764" started-at="2021-09-27T14:34:43 IST" finished-at="2021-09-27T14:35:36 IST">
          <reporter-output>
          </reporter-output>
        </test-method> <!-- openbrowser -->
        <test-method status="FAIL" signature="StoreVerification()[pri:3, instance:com.urbanladder.runner.TestRunner@78ffe6dc]" name="StoreVerification" duration-ms="21507" started-at="2021-09-27T14:35:36 IST" finished-at="2021-09-27T14:35:57 IST">
          <exception class="java.lang.AssertionError">
            <message>
              <![CDATA[expected [Urban Ladder Furniture Store - Domlur] but found [null]]]>
            </message>
            <full-stacktrace>
              <![CDATA[java.lang.AssertionError: expected [Urban Ladder Furniture Store - Domlur] but found [null]
at org.testng.Assert.fail(Assert.java:99)
at org.testng.Assert.failNotEquals(Assert.java:1037)
at org.testng.Assert.assertEqualsImpl(Assert.java:140)
at org.testng.Assert.assertEquals(Assert.java:122)
at org.testng.Assert.assertEquals(Assert.java:629)
at org.testng.Assert.assertEquals(Assert.java:639)
at com.urbanladder.runner.TestRunner.StoreVerification(TestRunner.java:122)
at sun.reflect.NativeMethodAccessorImpl.invoke0(Native Method)
at sun.reflect.NativeMethodAccessorImpl.invoke(NativeMethodAccessorImpl.java:62)
at sun.reflect.DelegatingMethodAccessorImpl.invoke(DelegatingMethodAccessorImpl.java:43)
at java.lang.reflect.Method.invoke(Method.java:498)
at org.testng.internal.MethodInvocationHelper.invokeMethod(MethodInvocationHelper.java:133)
at org.testng.internal.TestInvoker.invokeMethod(TestInvoker.java:598)
at org.testng.internal.TestInvoker.invokeTestMethod(TestInvoker.java:173)
at org.testng.internal.MethodRunner.runInSequence(MethodRunner.java:46)
at org.testng.internal.TestInvoker$MethodInvocationAgent.invoke(TestInvoker.java:824)
at org.testng.internal.TestInvoker.invokeTestMethods(TestInvoker.java:146)
at org.testng.internal.TestMethodWorker.invokeTestMethods(TestMethodWorker.java:146)
at org.testng.internal.TestMethodWorker.run(TestMethodWorker.java:128)
at java.util.ArrayList.forEach(ArrayList.java:1249)
at org.testng.TestRunner.privateRun(TestRunner.java:794)
at org.testng.TestRunner.run(TestRunner.java:596)
at org.testng.SuiteRunner.runTest(SuiteRunner.java:377)
at org.testng.SuiteRunner.runSequentially(SuiteRunner.java:371)
at org.testng.SuiteRunner.privateRun(SuiteRunner.java:332)
at org.testng.SuiteRunner.run(SuiteRunner.java:276)
at org.testng.SuiteRunnerWorker.runSuite(SuiteRunnerWorker.java:53)
at org.testng.SuiteRunnerWorker.run(SuiteRunnerWorker.java:96)
at org.testng.TestNG.runSuitesSequentially(TestNG.java:1212)
at org.testng.TestNG.runSuitesLocally(TestNG.java:1134)
at org.testng.TestNG.runSuites(TestNG.java:1063)
at org.testng.TestNG.run(TestNG.java:1031)
at org.testng.remote.AbstractRemoteTestNG.run(AbstractRemoteTestNG.java:115)
at org.testng.remote.RemoteTestNG.initAndRun(RemoteTestNG.java:251)
at org.testng.remote.RemoteTestNG.main(RemoteTestNG.java:77)
]]>
            </full-stacktrace>
          </exception> <!-- java.lang.AssertionError -->
          <reporter-output>
          </reporter-output>
        </test-method> <!-- StoreVerification -->
        <test-method status="PASS" signature="closebrowser()[pri:0, instance:com.urbanladder.runner.TestRunner@78ffe6dc]" name="closebrowser" is-config="true" duration-ms="1212" started-at="2021-09-27T14:35:57 IST" finished-at="2021-09-27T14:35:58 IST">
          <reporter-output>
          </reporter-output>
        </test-method> <!-- closebrowser -->
        <test-method status="PASS" signature="openbrowser()[pri:0, instance:com.urbanladder.runner.TestRunner@78ffe6dc]" name="openbrowser" is-config="true" duration-ms="26387" started-at="2021-09-27T14:36:00 IST" finished-at="2021-09-27T14:36:26 IST">
          <reporter-output>
          </reporter-output>
        </test-method> <!-- openbrowser -->
        <test-method status="PASS" signature="Search_products(java.lang.String)[pri:4, instance:com.urbanladder.runner.TestRunner@78ffe6dc]" name="Search_products" duration-ms="25879" started-at="2021-09-27T14:36:26 IST" data-provider="getdata" finished-at="2021-09-27T14:36:52 IST">
          <params>
            <param index="0">
              <value>
                <![CDATA[bed]]>
              </value>
            </param>
          </params>
          <reporter-output>
          </reporter-output>
        </test-method> <!-- Search_products -->
        <test-method status="PASS" signature="closebrowser()[pri:0, instance:com.urbanladder.runner.TestRunner@78ffe6dc]" name="closebrowser" is-config="true" duration-ms="2424" started-at="2021-09-27T14:36:52 IST" finished-at="2021-09-27T14:36:54 IST">
          <reporter-output>
          </reporter-output>
        </test-method> <!-- closebrowser -->
        <test-method status="PASS" signature="openbrowser()[pri:0, instance:com.urbanladder.runner.TestRunner@78ffe6dc]" name="openbrowser" is-config="true" duration-ms="25920" started-at="2021-09-27T14:36:54 IST" finished-at="2021-09-27T14:37:20 IST">
          <reporter-output>
          </reporter-output>
        </test-method> <!-- openbrowser -->
        <test-method status="PASS" signature="Search_products(java.lang.String)[pri:4, instance:com.urbanladder.runner.TestRunner@78ffe6dc]" name="Search_products" duration-ms="7017" started-at="2021-09-27T14:37:20 IST" data-provider="getdata" finished-at="2021-09-27T14:37:27 IST">
          <params>
            <param index="0">
              <value>
                <![CDATA[chair]]>
              </value>
            </param>
          </params>
          <reporter-output>
          </reporter-output>
        </test-method> <!-- Search_products -->
        <test-method status="PASS" signature="closebrowser()[pri:0, instance:com.urbanladder.runner.TestRunner@78ffe6dc]" name="closebrowser" is-config="true" duration-ms="1114" started-at="2021-09-27T14:37:27 IST" finished-at="2021-09-27T14:37:28 IST">
          <reporter-output>
          </reporter-output>
        </test-method> <!-- closebrowser -->
        <test-method status="PASS" signature="openbrowser()[pri:0, instance:com.urbanladder.runner.TestRunner@78ffe6dc]" name="openbrowser" is-config="true" duration-ms="23736" started-at="2021-09-27T14:37:28 IST" finished-at="2021-09-27T14:37:52 IST">
          <reporter-output>
          </reporter-output>
        </test-method> <!-- openbrowser -->
        <test-method status="PASS" signature="Search_products(java.lang.String)[pri:4, instance:com.urbanladder.runner.TestRunner@78ffe6dc]" name="Search_products" duration-ms="19215" started-at="2021-09-27T14:37:52 IST" data-provider="getdata" finished-at="2021-09-27T14:38:11 IST">
          <params>
            <param index="0">
              <value>
                <![CDATA[sofa]]>
              </value>
            </param>
          </params>
          <reporter-output>
          </reporter-output>
        </test-method> <!-- Search_products -->
        <test-method status="PASS" signature="closebrowser()[pri:0, instance:com.urbanladder.runner.TestRunner@78ffe6dc]" name="closebrowser" is-config="true" duration-ms="942" started-at="2021-09-27T14:38:11 IST" finished-at="2021-09-27T14:38:12 IST">
          <reporter-output>
          </reporter-output>
        </test-method> <!-- closebrowser -->
        <test-method status="PASS" signature="openbrowser()[pri:0, instance:com.urbanladder.runner.TestRunner@78ffe6dc]" name="openbrowser" is-config="true" duration-ms="23863" started-at="2021-09-27T14:38:12 IST" finished-at="2021-09-27T14:38:36 IST">
          <reporter-output>
          </reporter-output>
        </test-method> <!-- openbrowser -->
        <test-method status="PASS" signature="Search_products(java.lang.String)[pri:4, instance:com.urbanladder.runner.TestRunner@78ffe6dc]" name="Search_products" duration-ms="15428" started-at="2021-09-27T14:38:36 IST" data-provider="getdata" finished-at="2021-09-27T14:38:52 IST">
          <params>
            <param index="0">
              <value>
                <![CDATA[bookshelf]]>
              </value>
            </param>
          </params>
          <reporter-output>
          </reporter-output>
        </test-method> <!-- Search_products -->
        <test-method status="PASS" signature="closebrowser()[pri:0, instance:com.urbanladder.runner.TestRunner@78ffe6dc]" name="closebrowser" is-config="true" duration-ms="1344" started-at="2021-09-27T14:38:52 IST" finished-at="2021-09-27T14:38:53 IST">
          <reporter-output>
          </reporter-output>
        </test-method> <!-- closebrowser -->
        <test-method status="PASS" signature="openbrowser()[pri:0, instance:com.urbanladder.runner.TestRunner@78ffe6dc]" name="openbrowser" is-config="true" duration-ms="24104" started-at="2021-09-27T14:38:53 IST" finished-at="2021-09-27T14:39:17 IST">
          <reporter-output>
          </reporter-output>
        </test-method> <!-- openbrowser -->
        <test-method status="PASS" signature="Search_products(java.lang.String)[pri:4, instance:com.urbanladder.runner.TestRunner@78ffe6dc]" name="Search_products" duration-ms="21119" started-at="2021-09-27T14:39:17 IST" data-provider="getdata" finished-at="2021-09-27T14:39:38 IST">
          <params>
            <param index="0">
              <value>
                <![CDATA[dinning table]]>
              </value>
            </param>
          </params>
          <reporter-output>
          </reporter-output>
        </test-method> <!-- Search_products -->
        <test-method status="PASS" signature="closebrowser()[pri:0, instance:com.urbanladder.runner.TestRunner@78ffe6dc]" name="closebrowser" is-config="true" duration-ms="944" started-at="2021-09-27T14:39:38 IST" finished-at="2021-09-27T14:39:39 IST">
          <reporter-output>
          </reporter-output>
        </test-method> <!-- closebrowser -->
        <test-method status="PASS" signature="openbrowser()[pri:0, instance:com.urbanladder.runner.TestRunner@78ffe6dc]" name="openbrowser" is-config="true" duration-ms="58672" started-at="2021-09-27T14:39:39 IST" finished-at="2021-09-27T14:40:38 IST">
          <reporter-output>
          </reporter-output>
        </test-method> <!-- openbrowser -->
        <test-method status="FAIL" signature="GoogleVerification()[pri:5, instance:com.urbanladder.runner.TestRunner@78ffe6dc]" name="GoogleVerification" duration-ms="20240" started-at="2021-09-27T14:40:38 IST" finished-at="2021-09-27T14:40:58 IST">
          <exception class="java.lang.AssertionError">
            <message>
              <![CDATA[expected [true] but found [false]]]>
            </message>
            <full-stacktrace>
              <![CDATA[java.lang.AssertionError: expected [true] but found [false]
at org.testng.Assert.fail(Assert.java:99)
at org.testng.Assert.failNotEquals(Assert.java:1037)
at org.testng.Assert.assertTrue(Assert.java:45)
at org.testng.Assert.assertTrue(Assert.java:55)
at com.urbanladder.runner.TestRunner.GoogleVerification(TestRunner.java:174)
at sun.reflect.NativeMethodAccessorImpl.invoke0(Native Method)
at sun.reflect.NativeMethodAccessorImpl.invoke(NativeMethodAccessorImpl.java:62)
at sun.reflect.DelegatingMethodAccessorImpl.invoke(DelegatingMethodAccessorImpl.java:43)
at java.lang.reflect.Method.invoke(Method.java:498)
at org.testng.internal.MethodInvocationHelper.invokeMethod(MethodInvocationHelper.java:133)
at org.testng.internal.TestInvoker.invokeMethod(TestInvoker.java:598)
at org.testng.internal.TestInvoker.invokeTestMethod(TestInvoker.java:173)
at org.testng.internal.MethodRunner.runInSequence(MethodRunner.java:46)
at org.testng.internal.TestInvoker$MethodInvocationAgent.invoke(TestInvoker.java:824)
at org.testng.internal.TestInvoker.invokeTestMethods(TestInvoker.java:146)
at org.testng.internal.TestMethodWorker.invokeTestMethods(TestMethodWorker.java:146)
at org.testng.internal.TestMethodWorker.run(TestMethodWorker.java:128)
at java.util.ArrayList.forEach(ArrayList.java:1249)
at org.testng.TestRunner.privateRun(TestRunner.java:794)
at org.testng.TestRunner.run(TestRunner.java:596)
at org.testng.SuiteRunner.runTest(SuiteRunner.java:377)
at org.testng.SuiteRunner.runSequentially(SuiteRunner.java:371)
at org.testng.SuiteRunner.privateRun(SuiteRunner.java:332)
at org.testng.SuiteRunner.run(SuiteRunner.java:276)
at org.testng.SuiteRunnerWorker.runSuite(SuiteRunnerWorker.java:53)
at org.testng.SuiteRunnerWorker.run(SuiteRunnerWorker.java:96)
at org.testng.TestNG.runSuitesSequentially(TestNG.java:1212)
at org.testng.TestNG.runSuitesLocally(TestNG.java:1134)
at org.testng.TestNG.runSuites(TestNG.java:1063)
at org.testng.TestNG.run(TestNG.java:1031)
at org.testng.remote.AbstractRemoteTestNG.run(AbstractRemoteTestNG.java:115)
at org.testng.remote.RemoteTestNG.initAndRun(RemoteTestNG.java:251)
at org.testng.remote.RemoteTestNG.main(RemoteTestNG.java:77)
]]>
            </full-stacktrace>
          </exception> <!-- java.lang.AssertionError -->
          <reporter-output>
          </reporter-output>
        </test-method> <!-- GoogleVerification -->
        <test-method status="PASS" signature="closebrowser()[pri:0, instance:com.urbanladder.runner.TestRunner@78ffe6dc]" name="closebrowser" is-config="true" duration-ms="931" started-at="2021-09-27T14:40:58 IST" finished-at="2021-09-27T14:40:59 IST">
          <reporter-output>
          </reporter-output>
        </test-method> <!-- closebrowser -->
        <test-method status="PASS" signature="openbrowser()[pri:0, instance:com.urbanladder.runner.TestRunner@78ffe6dc]" name="openbrowser" is-config="true" duration-ms="26124" started-at="2021-09-27T14:40:59 IST" finished-at="2021-09-27T14:41:25 IST">
          <reporter-output>
          </reporter-output>
        </test-method> <!-- openbrowser -->
        <test-method status="PASS" signature="wishlistVerification()[pri:6, instance:com.urbanladder.runner.TestRunner@78ffe6dc]" name="wishlistVerification" duration-ms="38745" started-at="2021-09-27T14:41:25 IST" finished-at="2021-09-27T14:42:04 IST">
          <reporter-output>
          </reporter-output>
        </test-method> <!-- wishlistVerification -->
        <test-method status="PASS" signature="closebrowser()[pri:0, instance:com.urbanladder.runner.TestRunner@78ffe6dc]" name="closebrowser" is-config="true" duration-ms="1133" started-at="2021-09-27T14:42:04 IST" finished-at="2021-09-27T14:42:05 IST">
          <reporter-output>
          </reporter-output>
        </test-method> <!-- closebrowser -->
        <test-method status="PASS" signature="openbrowser()[pri:0, instance:com.urbanladder.runner.TestRunner@78ffe6dc]" name="openbrowser" is-config="true" duration-ms="24157" started-at="2021-09-27T14:42:05 IST" finished-at="2021-09-27T14:42:29 IST">
          <reporter-output>
          </reporter-output>
        </test-method> <!-- openbrowser -->
        <test-method status="PASS" signature="helpverification()[pri:7, instance:com.urbanladder.runner.TestRunner@78ffe6dc]" name="helpverification" duration-ms="1657" started-at="2021-09-27T14:42:29 IST" finished-at="2021-09-27T14:42:31 IST">
          <reporter-output>
          </reporter-output>
        </test-method> <!-- helpverification -->
        <test-method status="PASS" signature="closebrowser()[pri:0, instance:com.urbanladder.runner.TestRunner@78ffe6dc]" name="closebrowser" is-config="true" duration-ms="1027" started-at="2021-09-27T14:42:31 IST" finished-at="2021-09-27T14:42:32 IST">
          <reporter-output>
          </reporter-output>
        </test-method> <!-- closebrowser -->
        <test-method status="PASS" signature="openbrowser()[pri:0, instance:com.urbanladder.runner.TestRunner@78ffe6dc]" name="openbrowser" is-config="true" duration-ms="23290" started-at="2021-09-27T14:42:32 IST" finished-at="2021-09-27T14:42:55 IST">
          <reporter-output>
          </reporter-output>
        </test-method> <!-- openbrowser -->
        <test-method status="PASS" signature="compareproducts()[pri:8, instance:com.urbanladder.runner.TestRunner@78ffe6dc]" name="compareproducts" duration-ms="59540" started-at="2021-09-27T14:42:55 IST" finished-at="2021-09-27T14:43:55 IST">
          <reporter-output>
          </reporter-output>
        </test-method> <!-- compareproducts -->
        <test-method status="PASS" signature="closebrowser()[pri:0, instance:com.urbanladder.runner.TestRunner@78ffe6dc]" name="closebrowser" is-config="true" duration-ms="1070" started-at="2021-09-27T14:43:55 IST" finished-at="2021-09-27T14:43:56 IST">
          <reporter-output>
          </reporter-output>
        </test-method> <!-- closebrowser -->
        <test-method status="PASS" signature="openbrowser()[pri:0, instance:com.urbanladder.runner.TestRunner@78ffe6dc]" name="openbrowser" is-config="true" duration-ms="61221" started-at="2021-09-27T14:43:56 IST" finished-at="2021-09-27T14:44:57 IST">
          <reporter-output>
          </reporter-output>
        </test-method> <!-- openbrowser -->
        <test-method status="PASS" signature="author()[pri:9, instance:com.urbanladder.runner.TestRunner@78ffe6dc]" name="author" duration-ms="20180" started-at="2021-09-27T14:44:57 IST" finished-at="2021-09-27T14:45:17 IST">
          <reporter-output>
          </reporter-output>
        </test-method> <!-- author -->
        <test-method status="PASS" signature="closebrowser()[pri:0, instance:com.urbanladder.runner.TestRunner@78ffe6dc]" name="closebrowser" is-config="true" duration-ms="1116" started-at="2021-09-27T14:45:17 IST" finished-at="2021-09-27T14:45:18 IST">
          <reporter-output>
          </reporter-output>
        </test-method> <!-- closebrowser -->
      </class> <!-- com.urbanladder.runner.TestRunner -->
    </test> <!-- Default test -->
  </suite> <!-- Default suite -->
</testng-results>
